<?xml version="1.0" encoding="UTF-8"?>
<robot generator="Robot 3.2.1 (Python 3.8.5 on win32)" generated="20200824 20:31:41.311" rpa="false">
<suite id="s1" name="RobotProject1" source="C:\Temp\workspace\RobotProject1">
<suite id="s1-s1" name="Test" source="C:\Temp\workspace\RobotProject1\Test">
<suite id="s1-s1-s1" name="TestSuite1" source="C:\Temp\workspace\RobotProject1\Test\TestSuite1.robot">
<kw name="Log" library="BuiltIn" type="setup">
<doc>Logs the given message with the given level.</doc>
<arguments>
<arg>I'm inside the Suite Set Up</arg>
</arguments>
<msg timestamp="20200824 20:31:41.738" level="INFO">I'm inside the Suite Set Up</msg>
<status status="PASS" starttime="20200824 20:31:41.738" endtime="20200824 20:31:41.739"></status>
</kw>
<test id="s1-s1-s1-t1" name="OrangeLoginTest">
<kw name="Log" library="BuiltIn" type="setup">
<doc>Logs the given message with the given level.</doc>
<arguments>
<arg>I'm inside the Test Set Up</arg>
</arguments>
<msg timestamp="20200824 20:31:41.740" level="INFO">I'm inside the Test Set Up</msg>
<status status="PASS" starttime="20200824 20:31:41.739" endtime="20200824 20:31:41.740"></status>
</kw>
<kw name="Open Browser" library="SeleniumLibrary">
<doc>Opens a new browser instance to the optional ``url``.</doc>
<arguments>
<arg>${URL}</arg>
<arg>chrome</arg>
</arguments>
<msg timestamp="20200824 20:31:41.741" level="INFO">Opening browser 'chrome' to base url 'https://opensource-demo.orangehrmlive.com/'.</msg>
<status status="PASS" starttime="20200824 20:31:41.740" endtime="20200824 20:31:48.625"></status>
</kw>
<kw name="Set Browser Implicit Wait" library="SeleniumLibrary">
<doc>Sets the implicit wait value used by Selenium.</doc>
<arguments>
<arg>5</arg>
</arguments>
<status status="PASS" starttime="20200824 20:31:48.625" endtime="20200824 20:31:48.627"></status>
</kw>
<kw name="Sleep" library="BuiltIn">
<doc>Pauses the test executed for the given time.</doc>
<arguments>
<arg>5</arg>
</arguments>
<msg timestamp="20200824 20:31:53.628" level="INFO">Slept 5 seconds</msg>
<status status="PASS" starttime="20200824 20:31:48.627" endtime="20200824 20:31:53.629"></status>
</kw>
<kw name="Login">
<kw name="Log" library="BuiltIn">
<doc>Logs the given message with the given level.</doc>
<arguments>
<arg>${LOGINDATA}[username]</arg>
</arguments>
<msg timestamp="20200824 20:31:53.633" level="INFO">Admin</msg>
<status status="PASS" starttime="20200824 20:31:53.632" endtime="20200824 20:31:53.634"></status>
</kw>
<kw name="Log" library="BuiltIn">
<doc>Logs the given message with the given level.</doc>
<arguments>
<arg>${LOGINDATA}[password]</arg>
</arguments>
<msg timestamp="20200824 20:31:53.636" level="INFO">admin123</msg>
<status status="PASS" starttime="20200824 20:31:53.635" endtime="20200824 20:31:53.636"></status>
</kw>
<kw name="Input Text" library="SeleniumLibrary">
<doc>Types the given ``text`` into the text field identified by ``locator``.</doc>
<arguments>
<arg>id=txtUsername</arg>
<arg>${LOGINDATA}[username]</arg>
</arguments>
<msg timestamp="20200824 20:31:53.638" level="INFO">Typing text 'Admin' into text field 'id=txtUsername'.</msg>
<status status="PASS" starttime="20200824 20:31:53.637" endtime="20200824 20:31:53.808"></status>
</kw>
<kw name="Input Password" library="SeleniumLibrary">
<doc>Types the given password into the text field identified by ``locator``.</doc>
<arguments>
<arg>id=txtPassword</arg>
<arg>${LOGINDATA}[password]</arg>
</arguments>
<msg timestamp="20200824 20:31:53.810" level="INFO">Typing password into text field 'id=txtPassword'.</msg>
<msg timestamp="20200824 20:31:53.885" level="INFO">Temporally setting log level to: NONE</msg>
<msg timestamp="20200824 20:31:53.964" level="INFO">Log level changed from NONE to INFO.</msg>
<status status="PASS" starttime="20200824 20:31:53.809" endtime="20200824 20:31:53.964"></status>
</kw>
<kw name="Click Button" library="SeleniumLibrary">
<doc>Clicks the button identified by ``locator``.</doc>
<arguments>
<arg>id=btnLogin</arg>
</arguments>
<msg timestamp="20200824 20:31:53.965" level="INFO">Clicking button 'id=btnLogin'.</msg>
<status status="PASS" starttime="20200824 20:31:53.965" endtime="20200824 20:31:58.621"></status>
</kw>
<status status="PASS" starttime="20200824 20:31:53.630" endtime="20200824 20:31:58.623"></status>
</kw>
<kw name="Click Element" library="SeleniumLibrary">
<doc>Click the element identified by ``locator``.</doc>
<arguments>
<arg>id=welcome</arg>
</arguments>
<msg timestamp="20200824 20:31:58.628" level="INFO">Clicking element 'id=welcome'.</msg>
<status status="PASS" starttime="20200824 20:31:58.625" endtime="20200824 20:31:58.870"></status>
</kw>
<kw name="Click Element" library="SeleniumLibrary">
<doc>Click the element identified by ``locator``.</doc>
<arguments>
<arg>link=Logout</arg>
</arguments>
<msg timestamp="20200824 20:31:58.871" level="INFO">Clicking element 'link=Logout'.</msg>
<status status="PASS" starttime="20200824 20:31:58.871" endtime="20200824 20:31:59.929"></status>
</kw>
<kw name="Close Browser" library="SeleniumLibrary">
<doc>Closes the current browser.</doc>
<status status="PASS" starttime="20200824 20:31:59.930" endtime="20200824 20:32:02.167"></status>
</kw>
<kw name="Log" library="BuiltIn">
<doc>Logs the given message with the given level.</doc>
<arguments>
<arg>Test Completed</arg>
</arguments>
<msg timestamp="20200824 20:32:02.170" level="INFO">Test Completed</msg>
<status status="PASS" starttime="20200824 20:32:02.168" endtime="20200824 20:32:02.171"></status>
</kw>
<kw name="Log" library="BuiltIn">
<doc>Logs the given message with the given level.</doc>
<arguments>
<arg>This test was executed by %{username} on %{os}</arg>
</arguments>
<msg timestamp="20200824 20:32:02.173" level="INFO">This test was executed by Sruthi on Windows_NT</msg>
<status status="PASS" starttime="20200824 20:32:02.172" endtime="20200824 20:32:02.174"></status>
</kw>
<kw name="Log" library="BuiltIn" type="teardown">
<doc>Logs the given message with the given level.</doc>
<arguments>
<arg>I'm inside the Test Tear Down</arg>
</arguments>
<msg timestamp="20200824 20:32:02.176" level="INFO">I'm inside the Test Tear Down</msg>
<status status="PASS" starttime="20200824 20:32:02.175" endtime="20200824 20:32:02.177"></status>
</kw>
<doc>Orange login test</doc>
<tags>
<tag>Sanity</tag>
</tags>
<status status="PASS" starttime="20200824 20:31:41.739" endtime="20200824 20:32:02.177" critical="yes"></status>
</test>
<kw name="Log" library="BuiltIn" type="teardown">
<doc>Logs the given message with the given level.</doc>
<arguments>
<arg>I'm inside the Suite Tear Down</arg>
</arguments>
<msg timestamp="20200824 20:32:02.182" level="INFO">I'm inside the Suite Tear Down</msg>
<status status="PASS" starttime="20200824 20:32:02.181" endtime="20200824 20:32:02.183"></status>
</kw>
<status status="PASS" starttime="20200824 20:31:41.504" endtime="20200824 20:32:02.183"></status>
</suite>
<status status="PASS" starttime="20200824 20:31:41.501" endtime="20200824 20:32:02.192"></status>
</suite>
<status status="PASS" starttime="20200824 20:31:41.473" endtime="20200824 20:32:02.196"></status>
</suite>
<statistics>
<total>
<stat pass="1" fail="0">Critical Tests</stat>
<stat pass="1" fail="0">All Tests</stat>
</total>
<tag>
<stat pass="1" fail="0">Sanity</stat>
</tag>
<suite>
<stat pass="1" fail="0" id="s1" name="RobotProject1">RobotProject1</stat>
<stat pass="1" fail="0" id="s1-s1" name="Test">RobotProject1.Test</stat>
<stat pass="1" fail="0" id="s1-s1-s1" name="TestSuite1">RobotProject1.Test.TestSuite1</stat>
</suite>
</statistics>
<errors>
</errors>
</robot>
